CRITICAL - 2023-12-01 13:10:04 --> include(conection.php): Failed to open stream: No such file or directory
in APPPATH\Views\login_boot.php on line 2.
 1 APPPATH\Views\login_boot.php(2): CodeIgniter\Debug\Exceptions->errorHandler(2, 'include(conection.php): Failed to open stream: No such file or directory', 'C:\\xampp\\htdocs\\ci4\\app\\Views\\login_boot.php', 2)
 2 APPPATH\Views\login_boot.php(2): include()
 3 SYSTEMPATH\View\View.php(228): include('C:\\xampp\\htdocs\\ci4\\app\\Views\\login_boot.php')
 4 SYSTEMPATH\View\View.php(231): CodeIgniter\View\View->CodeIgniter\View\{closure}()
 5 SYSTEMPATH\Common.php(1190): CodeIgniter\View\View->render('login_boot', [], true)
 6 APPPATH\Controllers\Home.php(15): view('login_boot')
 7 SYSTEMPATH\CodeIgniter.php(942): App\Controllers\Home->signin()
 8 SYSTEMPATH\CodeIgniter.php(502): CodeIgniter\CodeIgniter->runController(Object(App\Controllers\Home))
 9 SYSTEMPATH\CodeIgniter.php(361): CodeIgniter\CodeIgniter->handleRequest(null, Object(Config\Cache), false)
10 FCPATH\index.php(79): CodeIgniter\CodeIgniter->run()
CRITICAL - 2023-12-01 13:10:05 --> include(conection.php): Failed to open stream: No such file or directory
in APPPATH\Views\login_boot.php on line 2.
 1 APPPATH\Views\login_boot.php(2): CodeIgniter\Debug\Exceptions->errorHandler(2, 'include(conection.php): Failed to open stream: No such file or directory', 'C:\\xampp\\htdocs\\ci4\\app\\Views\\login_boot.php', 2)
 2 APPPATH\Views\login_boot.php(2): include()
 3 SYSTEMPATH\View\View.php(228): include('C:\\xampp\\htdocs\\ci4\\app\\Views\\login_boot.php')
 4 SYSTEMPATH\View\View.php(231): CodeIgniter\View\View->CodeIgniter\View\{closure}()
 5 SYSTEMPATH\Common.php(1190): CodeIgniter\View\View->render('login_boot', [], true)
 6 APPPATH\Controllers\Home.php(15): view('login_boot')
 7 SYSTEMPATH\CodeIgniter.php(942): App\Controllers\Home->signin()
 8 SYSTEMPATH\CodeIgniter.php(502): CodeIgniter\CodeIgniter->runController(Object(App\Controllers\Home))
 9 SYSTEMPATH\CodeIgniter.php(361): CodeIgniter\CodeIgniter->handleRequest(null, Object(Config\Cache), false)
10 FCPATH\index.php(79): CodeIgniter\CodeIgniter->run()
CRITICAL - 2023-12-01 13:10:16 --> include(conection.php): Failed to open stream: No such file or directory
in APPPATH\Views\login_boot.php on line 2.
 1 APPPATH\Views\login_boot.php(2): CodeIgniter\Debug\Exceptions->errorHandler(2, 'include(conection.php): Failed to open stream: No such file or directory', 'C:\\xampp\\htdocs\\ci4\\app\\Views\\login_boot.php', 2)
 2 APPPATH\Views\login_boot.php(2): include()
 3 SYSTEMPATH\View\View.php(228): include('C:\\xampp\\htdocs\\ci4\\app\\Views\\login_boot.php')
 4 SYSTEMPATH\View\View.php(231): CodeIgniter\View\View->CodeIgniter\View\{closure}()
 5 SYSTEMPATH\Common.php(1190): CodeIgniter\View\View->render('login_boot', [], true)
 6 APPPATH\Controllers\Home.php(15): view('login_boot')
 7 SYSTEMPATH\CodeIgniter.php(942): App\Controllers\Home->signin()
 8 SYSTEMPATH\CodeIgniter.php(502): CodeIgniter\CodeIgniter->runController(Object(App\Controllers\Home))
 9 SYSTEMPATH\CodeIgniter.php(361): CodeIgniter\CodeIgniter->handleRequest(null, Object(Config\Cache), false)
10 FCPATH\index.php(79): CodeIgniter\CodeIgniter->run()
CRITICAL - 2023-12-01 13:10:19 --> include(conection.php): Failed to open stream: No such file or directory
in APPPATH\Views\login_boot.php on line 2.
 1 APPPATH\Views\login_boot.php(2): CodeIgniter\Debug\Exceptions->errorHandler(2, 'include(conection.php): Failed to open stream: No such file or directory', 'C:\\xampp\\htdocs\\ci4\\app\\Views\\login_boot.php', 2)
 2 APPPATH\Views\login_boot.php(2): include()
 3 SYSTEMPATH\View\View.php(228): include('C:\\xampp\\htdocs\\ci4\\app\\Views\\login_boot.php')
 4 SYSTEMPATH\View\View.php(231): CodeIgniter\View\View->CodeIgniter\View\{closure}()
 5 SYSTEMPATH\Common.php(1190): CodeIgniter\View\View->render('login_boot', [], true)
 6 APPPATH\Controllers\Home.php(15): view('login_boot')
 7 SYSTEMPATH\CodeIgniter.php(942): App\Controllers\Home->signin()
 8 SYSTEMPATH\CodeIgniter.php(502): CodeIgniter\CodeIgniter->runController(Object(App\Controllers\Home))
 9 SYSTEMPATH\CodeIgniter.php(361): CodeIgniter\CodeIgniter->handleRequest(null, Object(Config\Cache), false)
10 FCPATH\index.php(79): CodeIgniter\CodeIgniter->run()
